[debug] [2020-02-21T09:30:09.077Z] ----------------------------------------------------------------------
[debug] [2020-02-21T09:30:09.077Z] Command:       C:\Program Files\nodejs\node.exe C:\Users\i38464\AppData\Local\Yarn\Data\global\node_modules\firebase-tools\lib\bin\firebase.js init
[debug] [2020-02-21T09:30:09.077Z] CLI Version:   7.13.1
[debug] [2020-02-21T09:30:09.077Z] Platform:      win32
[debug] [2020-02-21T09:30:09.077Z] Node Version:  v8.17.0
[debug] [2020-02-21T09:30:09.077Z] Time:          Fri Feb 21 2020 18:30:09 GMT+0900 (東京 (標準時))
[debug] [2020-02-21T09:30:09.077Z] ----------------------------------------------------------------------
[debug] [2020-02-21T09:30:09.077Z] 
[debug] [2020-02-21T09:30:09.093Z] > command requires scopes: ["email","openid","https://www.googleapis.com/auth/cloudplatformprojects.readonly","https://www.googleapis.com/auth/firebase","https://www.googleapis.com/auth/cloud-platform"]
[debug] [2020-02-21T09:30:09.093Z] > authorizing via signed-in user
[info] 
     ######## #### ########  ######## ########     ###     ######  ########
     ##        ##  ##     ## ##       ##     ##  ##   ##  ##       ##
     ######    ##  ########  ######   ########  #########  ######  ######
     ##        ##  ##    ##  ##       ##     ## ##     ##       ## ##
     ##       #### ##     ## ######## ########  ##     ##  ######  ########

You're about to initialize a Firebase project in this directory:

  C:\Users\i38464\environment\react-app\hanare-client

[info] 
=== Project Setup
[info] 
[info] First, let's associate this project directory with a Firebase project.
[info] You can create multiple project aliases by running firebase use --add, 
[info] but for now we'll just set up a default project.
[info] 
[info] i  If you want to create a project in a Google Cloud organization or folder, please use "firebase projects:create" instead, and return to this command when you've created the project.
